<?xml version="1.0" encoding="UTF-8"?>
<checkstyle version="8.37">
<file name="C:\Users\Uni Profile\Documents\GitHub\ENG1-ASSESSMENT-TWO\tests\src\com\neves6\piazzapanic\tests\ChefTests.java">
<error line="42" column="9" severity="warning" message="&apos;method call rparen&apos; has incorrect indentation level 8, expected level should be 4." source="com.puppycrawl.tools.checkstyle.checks.indentation.IndentationCheck"/>
<error line="47" column="5" severity="warning" message="Distance between variable &apos;testMachine&apos; declaration and its first usage is 5, but allowed 3.  Consider making that variable final if you still need to store its value in advance (before method calls that might have side effects on the original value)." source="com.puppycrawl.tools.checkstyle.checks.coding.VariableDeclarationUsageDistanceCheck"/>
</file>
<file name="C:\Users\Uni Profile\Documents\GitHub\ENG1-ASSESSMENT-TWO\tests\src\com\neves6\piazzapanic\tests\CustomerTests.java">
<error line="9" severity="warning" message="First sentence of Javadoc is missing an ending period." source="com.puppycrawl.tools.checkstyle.checks.javadoc.SummaryJavadocCheck"/>
</file>
<file name="C:\Users\Uni Profile\Documents\GitHub\ENG1-ASSESSMENT-TWO\tests\src\com\neves6\piazzapanic\tests\GdxTestRunner.java">
<error line="3" severity="warning" message="Empty line should be followed by &lt;p&gt; tag on the next line." source="com.puppycrawl.tools.checkstyle.checks.javadoc.JavadocParagraphCheck"/>
<error line="7" severity="warning" message="Empty line should be followed by &lt;p&gt; tag on the next line." source="com.puppycrawl.tools.checkstyle.checks.javadoc.JavadocParagraphCheck"/>
<error line="9" severity="warning" message="Empty line should be followed by &lt;p&gt; tag on the next line." source="com.puppycrawl.tools.checkstyle.checks.javadoc.JavadocParagraphCheck"/>
<error line="87" column="11" severity="warning" message="&apos;if&apos; construct must use &apos;{}&apos;s." source="com.puppycrawl.tools.checkstyle.checks.blocks.NeedBracesCheck"/>
</file>
<file name="C:\Users\Uni Profile\Documents\GitHub\ENG1-ASSESSMENT-TWO\tests\src\com\neves6\piazzapanic\tests\MachineTest.java">
</file>
<file name="C:\Users\Uni Profile\Documents\GitHub\ENG1-ASSESSMENT-TWO\tests\src\com\neves6\piazzapanic\tests\TestAsset.java">
<error line="20" column="15" severity="warning" message="Abbreviation in name &apos;testfontsIBMPlexMonoSemiBoldExists&apos; must contain no more than &apos;2&apos; consecutive capital letters." source="com.puppycrawl.tools.checkstyle.checks.naming.AbbreviationAsWordInNameCheck"/>
<error line="76" column="15" severity="warning" message="Abbreviation in name &apos;testfontsIBMPlexMonoSemiBoldBlackExists&apos; must contain no more than &apos;2&apos; consecutive capital letters." source="com.puppycrawl.tools.checkstyle.checks.naming.AbbreviationAsWordInNameCheck"/>
</file>
<file name="C:\Users\Uni Profile\Documents\GitHub\ENG1-ASSESSMENT-TWO\tests\src\com\neves6\piazzapanic\tests\TestBaseStaff.java">
</file>
<file name="C:\Users\Uni Profile\Documents\GitHub\ENG1-ASSESSMENT-TWO\tests\src\com\neves6\piazzapanic\tests\TestDeliveryServer.java">
</file>
<file name="C:\Users\Uni Profile\Documents\GitHub\ENG1-ASSESSMENT-TWO\tests\src\com\neves6\piazzapanic\tests\TestGameScreen.java">
</file>
<file name="C:\Users\Uni Profile\Documents\GitHub\ENG1-ASSESSMENT-TWO\tests\src\com\neves6\piazzapanic\tests\TestIngredientStaff.java">
<error line="3" column="31" severity="warning" message="Using the &apos;.*&apos; form of import should be avoided - org.junit.Assert.*." source="com.puppycrawl.tools.checkstyle.checks.imports.AvoidStarImportCheck"/>
</file>
<file name="C:\Users\Uni Profile\Documents\GitHub\ENG1-ASSESSMENT-TWO\tests\src\com\neves6\piazzapanic\tests\TestMoney.java">
<error line="3" column="31" severity="warning" message="Using the &apos;.*&apos; form of import should be avoided - org.junit.Assert.*." source="com.puppycrawl.tools.checkstyle.checks.imports.AvoidStarImportCheck"/>
</file>
<file name="C:\Users\Uni Profile\Documents\GitHub\ENG1-ASSESSMENT-TWO\tests\src\com\neves6\piazzapanic\tests\TestPerson.java">
<error line="27" column="9" severity="warning" message="Local variable name &apos;xOld&apos; must match pattern &apos;^[a-z]([a-z0-9][a-zA-Z0-9]*)?$&apos;." source="com.puppycrawl.tools.checkstyle.checks.naming.LocalVariableNameCheck"/>
<error line="28" column="9" severity="warning" message="Local variable name &apos;yOld&apos; must match pattern &apos;^[a-z]([a-z0-9][a-zA-Z0-9]*)?$&apos;." source="com.puppycrawl.tools.checkstyle.checks.naming.LocalVariableNameCheck"/>
<error line="38" column="9" severity="warning" message="Local variable name &apos;xOld&apos; must match pattern &apos;^[a-z]([a-z0-9][a-zA-Z0-9]*)?$&apos;." source="com.puppycrawl.tools.checkstyle.checks.naming.LocalVariableNameCheck"/>
<error line="39" column="9" severity="warning" message="Local variable name &apos;yOld&apos; must match pattern &apos;^[a-z]([a-z0-9][a-zA-Z0-9]*)?$&apos;." source="com.puppycrawl.tools.checkstyle.checks.naming.LocalVariableNameCheck"/>
</file>
<file name="C:\Users\Uni Profile\Documents\GitHub\ENG1-ASSESSMENT-TWO\tests\src\com\neves6\piazzapanic\tests\TestScenarioGameMaster.java">
<error line="3" column="31" severity="warning" message="Using the &apos;.*&apos; form of import should be avoided - org.junit.Assert.*." source="com.puppycrawl.tools.checkstyle.checks.imports.AvoidStarImportCheck"/>
<error line="185" severity="warning" message="Line is longer than 100 characters (found 131)." source="com.puppycrawl.tools.checkstyle.checks.sizes.LineLengthCheck"/>
<error line="266" severity="warning" message="Line is longer than 100 characters (found 130)." source="com.puppycrawl.tools.checkstyle.checks.sizes.LineLengthCheck"/>
<error line="384" column="15" severity="warning" message="Abbreviation in name &apos;ORIGINAL_X&apos; must contain no more than &apos;2&apos; consecutive capital letters." source="com.puppycrawl.tools.checkstyle.checks.naming.AbbreviationAsWordInNameCheck"/>
<error line="385" column="15" severity="warning" message="Abbreviation in name &apos;ORIGINAL_Y&apos; must contain no more than &apos;2&apos; consecutive capital letters." source="com.puppycrawl.tools.checkstyle.checks.naming.AbbreviationAsWordInNameCheck"/>
</file>
<file name="C:\Users\Uni Profile\Documents\GitHub\ENG1-ASSESSMENT-TWO\tests\src\com\neves6\piazzapanic\tests\TestScreenTransitions.java">
<error line="3" column="31" severity="warning" message="Using the &apos;.*&apos; form of import should be avoided - org.junit.Assert.*." source="com.puppycrawl.tools.checkstyle.checks.imports.AvoidStarImportCheck"/>
<error line="6" column="38" severity="warning" message="Using the &apos;.*&apos; form of import should be avoided - com.neves6.piazzapanic.screens.*." source="com.puppycrawl.tools.checkstyle.checks.imports.AvoidStarImportCheck"/>
</file>
<file name="C:\Users\Uni Profile\Documents\GitHub\ENG1-ASSESSMENT-TWO\tests\src\com\neves6\piazzapanic\tests\UtilityTests.java">
</file>
<file name="C:\Users\Uni Profile\Documents\GitHub\ENG1-ASSESSMENT-TWO\tests\src\com\neves6\piazzapanic\tests\poweruptests\ShorterMachineTimeTests.java">
<error line="12" column="1" severity="warning" message="Extra separation in import group before &apos;com.neves6.piazzapanic.tests.GdxTestRunner&apos;" source="com.puppycrawl.tools.checkstyle.checks.imports.CustomImportOrderCheck"/>
<error line="12" column="1" severity="warning" message="Wrong lexicographical order for &apos;com.neves6.piazzapanic.tests.GdxTestRunner&apos; import. Should be before &apos;java.util.concurrent.TimeUnit&apos;." source="com.puppycrawl.tools.checkstyle.checks.imports.CustomImportOrderCheck"/>
</file>
<file name="C:\Users\Uni Profile\Documents\GitHub\ENG1-ASSESSMENT-TWO\tests\src\com\neves6\piazzapanic\tests\poweruptests\TestAutoCook.java">
<error line="3" column="31" severity="warning" message="Using the &apos;.*&apos; form of import should be avoided - org.junit.Assert.*." source="com.puppycrawl.tools.checkstyle.checks.imports.AvoidStarImportCheck"/>
<error line="10" column="1" severity="warning" message="Extra separation in import group before &apos;java.util.HashMap&apos;" source="com.puppycrawl.tools.checkstyle.checks.imports.CustomImportOrderCheck"/>
<error line="15" column="1" severity="warning" message="Extra separation in import group before &apos;com.neves6.piazzapanic.tests.GdxTestRunner&apos;" source="com.puppycrawl.tools.checkstyle.checks.imports.CustomImportOrderCheck"/>
<error line="15" column="1" severity="warning" message="Wrong lexicographical order for &apos;com.neves6.piazzapanic.tests.GdxTestRunner&apos; import. Should be before &apos;java.util.concurrent.TimeUnit&apos;." source="com.puppycrawl.tools.checkstyle.checks.imports.CustomImportOrderCheck"/>
<error line="60" severity="warning" message="Line is longer than 100 characters (found 103)." source="com.puppycrawl.tools.checkstyle.checks.sizes.LineLengthCheck"/>
</file>
<file name="C:\Users\Uni Profile\Documents\GitHub\ENG1-ASSESSMENT-TWO\tests\src\com\neves6\piazzapanic\tests\poweruptests\TestBasePowerUp.java">
<error line="8" column="1" severity="warning" message="Extra separation in import group before &apos;java.util.concurrent.TimeUnit&apos;" source="com.puppycrawl.tools.checkstyle.checks.imports.CustomImportOrderCheck"/>
<error line="8" column="1" severity="warning" message="Wrong lexicographical order for &apos;java.util.concurrent.TimeUnit&apos; import. Should be before &apos;org.junit.runner.RunWith&apos;." source="com.puppycrawl.tools.checkstyle.checks.imports.CustomImportOrderCheck"/>
<error line="10" column="1" severity="warning" message="Import statement for &apos;org.junit.Assert.*&apos; is in the wrong order. Should be in the &apos;STATIC&apos; group, expecting not assigned imports on this line." source="com.puppycrawl.tools.checkstyle.checks.imports.CustomImportOrderCheck"/>
<error line="10" column="31" severity="warning" message="Using the &apos;.*&apos; form of import should be avoided - org.junit.Assert.*." source="com.puppycrawl.tools.checkstyle.checks.imports.AvoidStarImportCheck"/>
<error line="27" column="15" severity="warning" message="Abbreviation in name &apos;testConstructorIII&apos; must contain no more than &apos;2&apos; consecutive capital letters." source="com.puppycrawl.tools.checkstyle.checks.naming.AbbreviationAsWordInNameCheck"/>
<error line="56" column="36" severity="warning" message="WhitespaceAround: &apos;{&apos; is not preceded with whitespace." source="com.puppycrawl.tools.checkstyle.checks.whitespace.WhitespaceAroundCheck"/>
<error line="61" column="34" severity="warning" message="WhitespaceAround: &apos;{&apos; is not preceded with whitespace." source="com.puppycrawl.tools.checkstyle.checks.whitespace.WhitespaceAroundCheck"/>
</file>
<file name="C:\Users\Uni Profile\Documents\GitHub\ENG1-ASSESSMENT-TWO\tests\src\com\neves6\piazzapanic\tests\poweruptests\TestTimeFreeze.java">
</file>
</checkstyle>
