<?xml version="1.0" encoding="UTF-8"?>
<testsuite name="com.neves6.piazzapanic.tests.TestScenerioGameMaster" tests="11" skipped="0" failures="1" errors="0" timestamp="2023-03-06T12:58:08" hostname="HP-PAV14" time="1.983">
  <properties/>
  <testcase name="tryMoveValidRight" classname="com.neves6.piazzapanic.tests.TestScenerioGameMaster" time="0.309"/>
  <testcase name="tryMoveValidUp" classname="com.neves6.piazzapanic.tests.TestScenerioGameMaster" time="0.205"/>
  <testcase name="tryMoveInvalidDown" classname="com.neves6.piazzapanic.tests.TestScenerioGameMaster" time="0.154"/>
  <testcase name="tryMoveInvalidLeft" classname="com.neves6.piazzapanic.tests.TestScenerioGameMaster" time="0.123"/>
  <testcase name="testDisplayTextEmpty" classname="com.neves6.piazzapanic.tests.TestScenerioGameMaster" time="0.155"/>
  <testcase name="tryMoveInvalidRight" classname="com.neves6.piazzapanic.tests.TestScenerioGameMaster" time="0.148"/>
  <testcase name="tryMoveInvalidUp" classname="com.neves6.piazzapanic.tests.TestScenerioGameMaster" time="0.146"/>
  <testcase name="testCustomerTrayTextEmpty" classname="com.neves6.piazzapanic.tests.TestScenerioGameMaster" time="0.181">
    <failure message="java.lang.AssertionError" type="java.lang.AssertionError">java.lang.AssertionError
	at org.junit.Assert.fail(Assert.java:87)
	at org.junit.Assert.assertTrue(Assert.java:42)
	at org.junit.Assert.assertTrue(Assert.java:53)
	at com.neves6.piazzapanic.tests.TestScenerioGameMaster.testCustomerTrayTextEmpty(TestScenerioGameMaster.java:103)
	at java.base/jdk.internal.reflect.NativeMethodAccessorImpl.invoke0(Native Method)
	at java.base/jdk.internal.reflect.NativeMethodAccessorImpl.invoke(NativeMethodAccessorImpl.java:77)
	at java.base/jdk.internal.reflect.DelegatingMethodAccessorImpl.invoke(DelegatingMethodAccessorImpl.java:43)
	at java.base/java.lang.reflect.Method.invoke(Method.java:568)
	at org.junit.runners.model.FrameworkMethod$1.runReflectiveCall(FrameworkMethod.java:59)
	at org.junit.internal.runners.model.ReflectiveCallable.run(ReflectiveCallable.java:12)
	at org.junit.runners.model.FrameworkMethod.invokeExplosively(FrameworkMethod.java:56)
	at org.junit.internal.runners.statements.InvokeMethod.evaluate(InvokeMethod.java:17)
	at org.junit.runners.ParentRunner$3.evaluate(ParentRunner.java:306)
	at org.junit.runners.BlockJUnit4ClassRunner$1.evaluate(BlockJUnit4ClassRunner.java:100)
	at org.junit.runners.ParentRunner.runLeaf(ParentRunner.java:366)
	at org.junit.runners.BlockJUnit4ClassRunner.runChild(BlockJUnit4ClassRunner.java:103)
	at com.neves6.piazzapanic.tests.GdxTestRunner.render(GdxTestRunner.java:62)
	at com.badlogic.gdx.backends.headless.HeadlessApplication.mainLoop(HeadlessApplication.java:128)
	at com.badlogic.gdx.backends.headless.HeadlessApplication$1.run(HeadlessApplication.java:93)
</failure>
  </testcase>
  <testcase name="tryMoveValidDown" classname="com.neves6.piazzapanic.tests.TestScenerioGameMaster" time="0.14"/>
  <testcase name="tryMoveValidLeft" classname="com.neves6.piazzapanic.tests.TestScenerioGameMaster" time="0.147"/>
  <testcase name="testDisplayTextFull" classname="com.neves6.piazzapanic.tests.TestScenerioGameMaster" time="0.093"/>
  <system-out><![CDATA[]]></system-out>
  <system-err><![CDATA[]]></system-err>
</testsuite>
